<?xml version="1.0" encoding="UTF-8"?>
<testsuite name="InputParserTest" tests="3" skipped="0" failures="0" errors="0" timestamp="2019-07-24T11:28:21" hostname="RENTLAPT0062" time="0.031">
  <properties/>
  <testcase name="canParseWordToRomanNumeralStatement()" classname="InputParserTest" time="0.023"/>
  <testcase name="canParseWordToRomanNumeralStatement2()" classname="InputParserTest" time="0.002"/>
  <testcase name="canParseWordToRomanNumeralStatement3()" classname="InputParserTest" time="0.002"/>
  <system-out><![CDATA[]]></system-out>
  <system-err><![CDATA[]]></system-err>
</testsuite>
